â•â•â•â•â•â•â•â•â•â•â•â•â•â•â•â•â•â•â•â•â•â•â•â•â•â•â•â•â•â•â•â•â•â•â•â•â•â•â•â•â•â•â•â•â•â•â•â•â•â•
ğŸ“‹ SECURITY SUITE: Security audit
Total tests: 3
â•â•â•â•â•â•â•â•â•â•â•â•â•â•â•â•â•â•â•â•â•â•â•â•â•â•â•â•â•â•â•â•â•â•â•â•â•â•â•â•â•â•â•â•â•â•â•â•â•â•

â”€â”€â”€â”€â”€â”€â”€â”€â”€â”€â”€â”€â”€â”€â”€â”€â”€â”€â”€â”€â”€â”€â”€â”€â”€â”€â”€â”€â”€â”€â”€â”€â”€â”€â”€â”€â”€â”€â”€â”€â”€â”€â”€â”€â”€â”€â”€â”€â”€â”€
ğŸ§ª Running: security-test.js
â”€â”€â”€â”€â”€â”€â”€â”€â”€â”€â”€â”€â”€â”€â”€â”€â”€â”€â”€â”€â”€â”€â”€â”€â”€â”€â”€â”€â”€â”€â”€â”€â”€â”€â”€â”€â”€â”€â”€â”€â”€â”€â”€â”€â”€â”€â”€â”€â”€â”€
ğŸ§ª Running test: security-test
â”€â”€â”€â”€â”€â”€â”€â”€â”€â”€â”€â”€â”€â”€â”€â”€â”€â”€â”€â”€â”€â”€â”€â”€â”€â”€â”€â”€â”€â”€â”€â”€â”€â”€â”€â”€â”€â”€â”€â”€â”€â”€â”€â”€â”€â”€â”€â”€â”€â”€
ğŸ›¡ï¸  Security Test Suite
============================================================
Proxy: localhost:8080
Server IP: 178.128.172.81
============================================================

IP not leaked in response body               ...
âŒ Parse error
IP not in X-Forwarded-For                    ...
âŒ Parse error
No Via header exposing server                ...
âŒ "undefined" is not valid JSON
CRLF injection in URL blocked                ...
âŒ "undefined" is not valid JSON
Header injection via header value blocked    ...
âŒ Invalid character in header content ["X-Test"]
Request smuggling (CL.TE) prevented          ...
âœ… Status:
Localhost access blocked                     ...
âŒ ALLOWED - potential SSRF!
Internal IP (10.x) blocked                   ...
âŒ ALLOWED - potential SSRF!
Internal IP (192.168.x) blocked              ...
âŒ ALLOWED - potential SSRF!
Metadata endpoint blocked                    ...
âŒ ALLOWED - CRITICAL!
File:// protocol blocked                     ...
âŒ ALLOWED!
Gopher:// protocol blocked                   ...
âŒ ALLOWED!
DNS rebinding protection (check)             ...
âœ… Manual verification recommended
Credentials not echoed in error              ...
âœ… Safe
Oversized headers handled                    ...
âœ… Status:
Very long URL handled                        ...
âŒ Status:
============================================================
SECURITY TEST RESULTS
============================================================
Passed: 4
Failed: 12
Skipped: 0

ğŸš¨ CRITICAL SECURITY ISSUES:
  ğŸ”´ IP not leaked in response body
  ğŸ”´ IP not in X-Forwarded-For
  ğŸ”´ Internal IP (10.x) blocked
  ğŸ”´ Internal IP (192.168.x) blocked
  ğŸ”´ Metadata endpoint blocked

âš ï¸  Note: This is automated testing. Manual security review recommended.
ğŸ“Š Results saved to: security-test-2026-02-07T19-11-55-759Z.json

â”€â”€â”€â”€â”€â”€â”€â”€â”€â”€â”€â”€â”€â”€â”€â”€â”€â”€â”€â”€â”€â”€â”€â”€â”€â”€â”€â”€â”€â”€â”€â”€â”€â”€â”€â”€â”€â”€â”€â”€â”€â”€â”€â”€â”€â”€â”€â”€â”€â”€
âŒ Test security-test FAILED in 3514ms
âŒ security-test.js - 3.6s

â”€â”€â”€â”€â”€â”€â”€â”€â”€â”€â”€â”€â”€â”€â”€â”€â”€â”€â”€â”€â”€â”€â”€â”€â”€â”€â”€â”€â”€â”€â”€â”€â”€â”€â”€â”€â”€â”€â”€â”€â”€â”€â”€â”€â”€â”€â”€â”€â”€â”€
ğŸ§ª Running: auth-test.js
â”€â”€â”€â”€â”€â”€â”€â”€â”€â”€â”€â”€â”€â”€â”€â”€â”€â”€â”€â”€â”€â”€â”€â”€â”€â”€â”€â”€â”€â”€â”€â”€â”€â”€â”€â”€â”€â”€â”€â”€â”€â”€â”€â”€â”€â”€â”€â”€â”€â”€
ğŸ§ª Running test: auth-test
â”€â”€â”€â”€â”€â”€â”€â”€â”€â”€â”€â”€â”€â”€â”€â”€â”€â”€â”€â”€â”€â”€â”€â”€â”€â”€â”€â”€â”€â”€â”€â”€â”€â”€â”€â”€â”€â”€â”€â”€â”€â”€â”€â”€â”€â”€â”€â”€â”€â”€
ğŸ” Authentication Comprehensive Test
============================================================
Proxy: localhost:8080
Tests: 26
============================================================

Valid credentials                       ...
âŒ HTTP undefined (expected 200)
Wrong password                          ...
âŒ HTTP undefined (expected 401/403/407)
Wrong username                          ...
âŒ HTTP undefined (expected 401/403/407)
Empty password                          ...
âŒ HTTP undefined (expected 401/403/407)
Empty username                          ...
âŒ HTTP undefined (expected 401/403/407)
No credentials (null)                   ...
âŒ HTTP undefined (expected 401/403/407)
Empty string                            ...
âŒ HTTP undefined (expected 401/403/407/400)
Missing colon separator                 ...
âŒ HTTP undefined (expected 401/403/407/400)
Multiple colons                         ...
âŒ HTTP undefined (expected 401/403/407/200)
Invalid base64                          ...
âŒ HTTP undefined (expected 401/403/407/400)
Wrong auth scheme (Bearer)              ...
âŒ HTTP undefined (expected 401/403/407)
With country param                      ...
âŒ HTTP undefined (expected 200)
With city param                         ...
âŒ HTTP undefined (expected 200)
With session param                      ...
âŒ HTTP undefined (expected 200)
With sesstype sticky                    ...
âŒ HTTP undefined (expected 200)
With sesstype rotating                  ...
âŒ HTTP undefined (expected 200)
Multiple params combined                ...
âŒ HTTP undefined (expected 200)
Invalid country code                    ...
âŒ HTTP undefined (expected 200/400/502)
Unknown param (should ignore)           ...
âŒ HTTP undefined (expected 200)
Password with special chars             ...
âŒ HTTP undefined (expected 401/403/407)
Username with dots                      ...
âŒ HTTP undefined (expected 401/403/407)
Unicode in auth                         ...
âŒ HTTP undefined (expected 401/403/407/400)
Very long username (1000 chars)         ...
âŒ HTTP undefined (expected 401/403/407/400/413)
Very long password (1000 chars)         ...
âŒ HTTP undefined (expected 401/403/407/400/413)
Newline in auth                         ...
âŒ HTTP undefined (expected 401/403/407/400)
Null byte in auth                       ...
âŒ HTTP undefined (expected 401/403/407/400)
============================================================
AUTH TEST RESULTS
============================================================
Passed: 0/26
Failed: 26

Failed tests:
  âŒ Valid credentials: got undefined
  âŒ Wrong password: got undefined
  âŒ Wrong username: got undefined
  âŒ Empty password: got undefined
  âŒ Empty username: got undefined
  âŒ No credentials (null): got undefined
  âŒ Empty string: got undefined
  âŒ Missing colon separator: got undefined
  âŒ Multiple colons: got undefined
  âŒ Invalid base64: got undefined
  âŒ Wrong auth scheme (Bearer): got undefined
  âŒ With country param: got undefined
  âŒ With city param: got undefined
  âŒ With session param: got undefined
  âŒ With sesstype sticky: got undefined
  âŒ With sesstype rotating: got undefined
  âŒ Multiple params combined: got undefined
  âŒ Invalid country code: got undefined
  âŒ Unknown param (should ignore): got undefined
  âŒ Password with special chars: got undefined
  âŒ Username with dots: got undefined
  âŒ Unicode in auth: got undefined
  âŒ Very long username (1000 chars): got undefined
  âŒ Very long password (1000 chars): got undefined
  âŒ Newline in auth: got undefined
  âŒ Null byte in auth: got undefined

ğŸ”’ Security Assessment:
  Auth rejection: Tests above show if invalid creds are rejected
ğŸ“Š Results saved to: auth-test-2026-02-07T19-11-59-567Z.json
â”€â”€â”€â”€â”€â”€â”€â”€â”€â”€â”€â”€â”€â”€â”€â”€â”€â”€â”€â”€â”€â”€â”€â”€â”€â”€â”€â”€â”€â”€â”€â”€â”€â”€â”€â”€â”€â”€â”€â”€â”€â”€â”€â”€â”€â”€â”€â”€â”€â”€
âŒ Test auth-test FAILED in 2743ms
âŒ auth-test.js - 2.8s

â”€â”€â”€â”€â”€â”€â”€â”€â”€â”€â”€â”€â”€â”€â”€â”€â”€â”€â”€â”€â”€â”€â”€â”€â”€â”€â”€â”€â”€â”€â”€â”€â”€â”€â”€â”€â”€â”€â”€â”€â”€â”€â”€â”€â”€â”€â”€â”€â”€â”€
ğŸ§ª Running: leak-test.js
â”€â”€â”€â”€â”€â”€â”€â”€â”€â”€â”€â”€â”€â”€â”€â”€â”€â”€â”€â”€â”€â”€â”€â”€â”€â”€â”€â”€â”€â”€â”€â”€â”€â”€â”€â”€â”€â”€â”€â”€â”€â”€â”€â”€â”€â”€â”€â”€â”€â”€
ğŸ§ª Running test: leak-test
â”€â”€â”€â”€â”€â”€â”€â”€â”€â”€â”€â”€â”€â”€â”€â”€â”€â”€â”€â”€â”€â”€â”€â”€â”€â”€â”€â”€â”€â”€â”€â”€â”€â”€â”€â”€â”€â”€â”€â”€â”€â”€â”€â”€â”€â”€â”€â”€â”€â”€
ğŸ” IPLoop IP Leak Detection Test
==================================================

Detecting server real IP...
Server real IP: 178.128.172.81

--- Test 1: Proxy IP Check ---
âŒ Error: 

--- Test 2: Header Leak Check ---
âŒ Error:
--- Test 3: Consistency Check ---
api.ipify.org?format=json: Error -
ip-api.com: Error -
httpbin.org: Error -
--- Test 4: Fingerprint Check ---
Error:
==================================================
LEAK TEST SUMMARY
==================================================
Issues found:
  ğŸ”´ IP check failed:
ğŸ“Š Results saved to: leak-test-2026-02-07T19-12-00-878Z.json
â”€â”€â”€â”€â”€â”€â”€â”€â”€â”€â”€â”€â”€â”€â”€â”€â”€â”€â”€â”€â”€â”€â”€â”€â”€â”€â”€â”€â”€â”€â”€â”€â”€â”€â”€â”€â”€â”€â”€â”€â”€â”€â”€â”€â”€â”€â”€â”€â”€â”€
âŒ Test leak-test FAILED in 252ms
âŒ leak-test.js - 0.3s

â•â•â•â•â•â•â•â•â•â•â•â•â•â•â•â•â•â•â•â•â•â•â•â•â•â•â•â•â•â•â•â•â•â•â•â•â•â•â•â•â•â•â•â•â•â•â•â•â•â•
ğŸ“Š SUITE COMPLETE: 0/3 passed, 3 failed
â•â•â•â•â•â•â•â•â•â•â•â•â•â•â•â•â•â•â•â•â•â•â•â•â•â•â•â•â•â•â•â•â•â•â•â•â•â•â•â•â•â•â•â•â•â•â•â•â•â•
